2016-05-15 19:32:06,223 ERROR util.Shell - Failed to locate the winutils binary in the hadoop binary path
java.io.IOException: Could not locate executable null\bin\winutils.exe in the Hadoop binaries.
	at org.apache.hadoop.util.Shell.getQualifiedBinPath(Shell.java:355)
	at org.apache.hadoop.util.Shell.getWinUtilsPath(Shell.java:370)
	at org.apache.hadoop.util.Shell.<clinit>(Shell.java:363)
	at org.apache.hadoop.util.GenericOptionsParser.preProcessForWindows(GenericOptionsParser.java:432)
	at org.apache.hadoop.util.GenericOptionsParser.parseGeneralOptions(GenericOptionsParser.java:478)
	at org.apache.hadoop.util.GenericOptionsParser.<init>(GenericOptionsParser.java:170)
	at org.apache.hadoop.util.GenericOptionsParser.<init>(GenericOptionsParser.java:153)
	at org.apache.hadoop.util.ToolRunner.run(ToolRunner.java:64)
	at org.apache.nutch.crawl.InjectorJob.main(InjectorJob.java:284)
2016-05-15 19:32:22,618 ERROR util.Shell - Failed to locate the winutils binary in the hadoop binary path
java.io.IOException: Could not locate executable null\bin\winutils.exe in the Hadoop binaries.
	at org.apache.hadoop.util.Shell.getQualifiedBinPath(Shell.java:355)
	at org.apache.hadoop.util.Shell.getWinUtilsPath(Shell.java:370)
	at org.apache.hadoop.util.Shell.<clinit>(Shell.java:363)
	at org.apache.hadoop.util.GenericOptionsParser.preProcessForWindows(GenericOptionsParser.java:432)
	at org.apache.hadoop.util.GenericOptionsParser.parseGeneralOptions(GenericOptionsParser.java:478)
	at org.apache.hadoop.util.GenericOptionsParser.<init>(GenericOptionsParser.java:170)
	at org.apache.hadoop.util.GenericOptionsParser.<init>(GenericOptionsParser.java:153)
	at org.apache.hadoop.util.ToolRunner.run(ToolRunner.java:64)
	at org.apache.nutch.crawl.InjectorJob.main(InjectorJob.java:284)
2016-05-15 19:33:00,679 ERROR util.Shell - Failed to locate the winutils binary in the hadoop binary path
java.io.IOException: Could not locate executable null\bin\winutils.exe in the Hadoop binaries.
	at org.apache.hadoop.util.Shell.getQualifiedBinPath(Shell.java:355)
	at org.apache.hadoop.util.Shell.getWinUtilsPath(Shell.java:370)
	at org.apache.hadoop.util.Shell.<clinit>(Shell.java:363)
	at org.apache.hadoop.util.GenericOptionsParser.preProcessForWindows(GenericOptionsParser.java:432)
	at org.apache.hadoop.util.GenericOptionsParser.parseGeneralOptions(GenericOptionsParser.java:478)
	at org.apache.hadoop.util.GenericOptionsParser.<init>(GenericOptionsParser.java:170)
	at org.apache.hadoop.util.GenericOptionsParser.<init>(GenericOptionsParser.java:153)
	at org.apache.hadoop.util.ToolRunner.run(ToolRunner.java:64)
	at org.apache.nutch.crawl.InjectorJob.main(InjectorJob.java:284)
2016-05-15 19:39:43,467 ERROR util.Shell - Failed to locate the winutils binary in the hadoop binary path
java.io.IOException: Could not locate executable null\bin\winutils.exe in the Hadoop binaries.
	at org.apache.hadoop.util.Shell.getQualifiedBinPath(Shell.java:355)
	at org.apache.hadoop.util.Shell.getWinUtilsPath(Shell.java:370)
	at org.apache.hadoop.util.Shell.<clinit>(Shell.java:363)
	at org.apache.hadoop.util.GenericOptionsParser.preProcessForWindows(GenericOptionsParser.java:432)
	at org.apache.hadoop.util.GenericOptionsParser.parseGeneralOptions(GenericOptionsParser.java:478)
	at org.apache.hadoop.util.GenericOptionsParser.<init>(GenericOptionsParser.java:170)
	at org.apache.hadoop.util.GenericOptionsParser.<init>(GenericOptionsParser.java:153)
	at org.apache.hadoop.util.ToolRunner.run(ToolRunner.java:64)
	at org.apache.nutch.crawl.InjectorJob.main(InjectorJob.java:284)
2016-05-15 19:39:43,502 INFO  crawl.InjectorJob - InjectorJob: starting at 2016-05-15 19:39:43
2016-05-15 19:39:43,502 INFO  crawl.InjectorJob - InjectorJob: Injecting urlDir: urlDir
2016-05-15 19:39:52,880 WARN  util.NativeCodeLoader - Unable to load native-hadoop library for your platform... using builtin-java classes where applicable
